  graphics.cpp
C:\Users\kknot\source\repos\CS480 - Final Project\CS480 - Final Project\graphics.cpp(140,31): warning C4305: 'initializing': truncation from 'double' to '_Ty'
          with
          [
              _Ty=float
          ]
C:\Users\kknot\source\repos\CS480 - Final Project\CS480 - Final Project\graphics.cpp(146,31): warning C4305: 'initializing': truncation from 'double' to '_Ty'
          with
          [
              _Ty=float
          ]
C:\Users\kknot\source\repos\CS480 - Final Project\CS480 - Final Project\graphics.cpp(152,28): warning C4305: 'initializing': truncation from 'double' to '_Ty'
          with
          [
              _Ty=float
          ]
C:\Users\kknot\source\repos\CS480 - Final Project\CS480 - Final Project\graphics.cpp(158,29): warning C4305: 'initializing': truncation from 'double' to '_Ty'
          with
          [
              _Ty=float
          ]
C:\Users\kknot\source\repos\CS480 - Final Project\CS480 - Final Project\graphics.cpp(164,30): warning C4305: 'initializing': truncation from 'double' to '_Ty'
          with
          [
              _Ty=float
          ]
C:\Users\kknot\source\repos\CS480 - Final Project\CS480 - Final Project\graphics.cpp(170,29): warning C4305: 'initializing': truncation from 'double' to '_Ty'
          with
          [
              _Ty=float
          ]
C:\Users\kknot\source\repos\CS480 - Final Project\CS480 - Final Project\graphics.cpp(176,30): warning C4305: 'initializing': truncation from 'double' to '_Ty'
          with
          [
              _Ty=float
          ]
C:\Users\kknot\source\repos\CS480 - Final Project\CS480 - Final Project\graphics.cpp(182,31): warning C4305: 'initializing': truncation from 'double' to '_Ty'
          with
          [
              _Ty=float
          ]
C:\Users\kknot\source\repos\CS480 - Final Project\CS480 - Final Project\graphics.cpp(188,31): warning C4305: 'initializing': truncation from 'double' to '_Ty'
          with
          [
              _Ty=float
          ]
C:\Users\kknot\source\repos\CS480 - Final Project\CS480 - Final Project\graphics.cpp(226,17): warning C4244: 'argument': conversion from 'double' to 'unsigned int', possible loss of data
C:\Users\kknot\source\repos\CS480 - Final Project\CS480 - Final Project\graphics.cpp(247,33): warning C4305: 'argument': truncation from 'double' to 'GLclampf'
LINK : warning LNK4075: ignoring '/INCREMENTAL' due to '/LTCG' specification
soil2-debug.lib(SOIL2.obj) : warning LNK4075: ignoring '/EDITANDCONTINUE' due to '/OPT:ICF' specification
LINK : warning LNK4098: defaultlib 'MSVCRTD' conflicts with use of other libs; use /NODEFAULTLIB:library
  Generating code
  1 of 680 functions ( 0.1%) were compiled, the rest were copied from previous compilation.
    0 functions were new in current compilation
    2 functions had inline decision re-evaluated but remain unchanged
  Finished generating code
  CS480 - Final Project.vcxproj -> C:\Users\kknot\source\repos\CS480 - Final Project\x64\Release\CS480 - Final Project.exe
